{"name": "test_registration", "status": "failed", "statusDetails": {"message": "AssertionError: assert False", "trace": "self = <test_saucelabs_with_allure.TestSauceLabs object at 0x1052ec910>\n\n    @allure.story('User Registration')\n    def test_registration(self):\n        \"\"\"Test user registration functionality\"\"\"\n        with allure.step(\"Running registration test with unique email\"):\n            # Navigate to the main page before registration\n            self.driver.get('https://sauce-demo.myshopify.com')\n            time.sleep(2)\n    \n            # Store the XPATH for the Sign Up link\n            SignUp = \"//a[contains(text(),'Sign up')]\"\n            self.assert_element_exists(SignUp)\n            self.click_element(SignUp)\n            print(\"Clicked on Sign up link\")\n    \n            # Wait 2 seconds for the registration page to load\n            time.sleep(2)\n            # Check if the registration page loaded by looking at the URL\n            if \"register\" in self.driver.current_url:\n                with allure.step(\"Registration form loaded successfully\"):\n                    print(\"Registration form loaded successfully\")\n            else:\n                with allure.step(\"Warning: Registration form may not have loaded properly\"):\n                    print(\"Warning: Registration form may not have loaded properly - current URL:\", self.driver.current_url)\n    \n            # Enter first name into the registration form\n            FirstName = \"//input[@id='first_name']\"\n            self.assert_element_exists(FirstName)\n            self.send_keys_to_element(FirstName, \"Test\")\n            print(f\"First name entered: Test\")\n    \n            # Enter last name into the registration form\n            LastName = \"//input[@id='last_name']\"\n            self.assert_element_exists(LastName)\n            self.send_keys_to_element(LastName, \"User\")\n            print(f\"Last name entered: User\")\n    \n            # Enter email into the registration form\n            Email = \"//input[@id='email']\"\n            self.assert_element_exists(Email)\n            # Generate a unique email address each time to avoid duplicate registration\n            unique_email = f\"testuser_{int(time.time())}@gmail.com\"\n            self.send_keys_to_element(Email, unique_email)\n            print(f\"Unique email entered: {unique_email}\")\n    \n            # Enter password into the registration form\n            Password = \"//input[@id='password']\"\n            self.assert_element_exists(Password)\n            self.send_keys_to_element(Password, \"TestPass@123\")\n            print(\"Password entered\")\n    \n            # Click the Create Account button\n            CreateButton = \"//input[@type='submit' and @value='Create']\"\n            self.assert_element_exists(CreateButton)\n            self.click_element(CreateButton)\n            print(\"Clicked on Create button\")\n    \n            # Wait 2 seconds for registration to process\n            time.sleep(2)\n    \n            # Check if registration was successful by looking for a logout button\n            try:\n                # Look for the logout element on the page\n>               logout_element = self.driver.find_element(By.XPATH, \"//a[text()='Log Out']\")\n                                 ^^^^^^^^^^^^^^^^^^^^^^^^^^^^^^^^^^^^^^^^^^^^^^^^^^^^^^^^^^^\n\ntest_saucelabs_with_allure.py:130: \n_ _ _ _ _ _ _ _ _ _ _ _ _ _ _ _ _ _ _ _ _ _ _ _ _ _ _ _ _ _ _ _ _ _ _ _ _ _ _ _ \n/Library/Frameworks/Python.framework/Versions/3.13/lib/python3.13/site-packages/selenium/webdriver/remote/webdriver.py:802: in find_element\n    return self.execute(Command.FIND_ELEMENT, {\"using\": by, \"value\": value})[\"value\"]\n           ^^^^^^^^^^^^^^^^^^^^^^^^^^^^^^^^^^^^^^^^^^^^^^^^^^^^^^^^^^^^^^^^^\n/Library/Frameworks/Python.framework/Versions/3.13/lib/python3.13/site-packages/selenium/webdriver/remote/webdriver.py:432: in execute\n    self.error_handler.check_response(response)\n_ _ _ _ _ _ _ _ _ _ _ _ _ _ _ _ _ _ _ _ _ _ _ _ _ _ _ _ _ _ _ _ _ _ _ _ _ _ _ _ \n\nself = <selenium.webdriver.remote.errorhandler.ErrorHandler object at 0x105282660>\nresponse = {'status': 404, 'value': '{\"value\":{\"error\":\"no such element\",\"message\":\"no such element: Unable to locate element: {\\...0001931eec0c _pthread_start + 136\\\\n15  libsystem_pthread.dylib             0x00000001931e9b80 thread_start + 8\\\\n\"}}'}\n\n    def check_response(self, response: dict[str, Any]) -> None:\n        \"\"\"Check that a JSON response from the WebDriver does not have an error.\n    \n        Args:\n            response: The JSON response from the WebDriver server as a dictionary\n                object.\n    \n        Raises:\n            WebDriverException: If the response contains an error message.\n        \"\"\"\n        status = response.get(\"status\", None)\n        if not status or status == ErrorCode.SUCCESS:\n            return\n        value = None\n        message = response.get(\"message\", \"\")\n        screen: str = response.get(\"screen\", \"\")\n        stacktrace = None\n        if isinstance(status, int):\n            value_json = response.get(\"value\", None)\n            if value_json and isinstance(value_json, str):\n                try:\n                    value = json.loads(value_json)\n                    if isinstance(value, dict):\n                        if len(value) == 1:\n                            value = value[\"value\"]\n                        status = value.get(\"error\", None)\n                        if not status:\n                            status = value.get(\"status\", ErrorCode.UNKNOWN_ERROR)\n                            message = value.get(\"value\") or value.get(\"message\")\n                            if not isinstance(message, str):\n                                value = message\n                                message = message.get(\"message\") if isinstance(message, dict) else None\n                        else:\n                            message = value.get(\"message\", None)\n                except ValueError:\n                    pass\n    \n        exception_class: type[WebDriverException]\n        e = ErrorCode()\n        error_codes = [item for item in dir(e) if not item.startswith(\"__\")]\n        for error_code in error_codes:\n            error_info = getattr(ErrorCode, error_code)\n            if isinstance(error_info, list) and status in error_info:\n                exception_class = getattr(ExceptionMapping, error_code, WebDriverException)\n                break\n        else:\n            exception_class = WebDriverException\n    \n        if not value:\n            value = response[\"value\"]\n        if isinstance(value, str):\n            raise exception_class(value)\n        if message == \"\" and \"message\" in value:\n            message = value[\"message\"]\n    \n        screen = None  # type: ignore[assignment]\n        if \"screen\" in value:\n            screen = value[\"screen\"]\n    \n        stacktrace = None\n        st_value = value.get(\"stackTrace\") or value.get(\"stacktrace\")\n        if st_value:\n            if isinstance(st_value, str):\n                stacktrace = st_value.split(\"\\n\")\n            else:\n                stacktrace = []\n                try:\n                    for frame in st_value:\n                        line = frame.get(\"lineNumber\", \"\")\n                        file = frame.get(\"fileName\", \"<anonymous>\")\n                        if line:\n                            file = f\"{file}:{line}\"\n                        meth = frame.get(\"methodName\", \"<anonymous>\")\n                        if \"className\" in frame:\n                            meth = f\"{frame['className']}.{meth}\"\n                        msg = \"    at %s (%s)\"\n                        msg = msg % (meth, file)\n                        stacktrace.append(msg)\n                except TypeError:\n                    pass\n        if exception_class == UnexpectedAlertPresentException:\n            alert_text = None\n            if \"data\" in value:\n                alert_text = value[\"data\"].get(\"text\")\n            elif \"alert\" in value:\n                alert_text = value[\"alert\"].get(\"text\")\n            raise exception_class(message, screen, stacktrace, alert_text)  # type: ignore[call-arg]  # mypy is not smart enough here\n>       raise exception_class(message, screen, stacktrace)\nE       selenium.common.exceptions.NoSuchElementException: Message: no such element: Unable to locate element: {\"method\":\"xpath\",\"selector\":\"//a[text()='Log Out']\"}\nE         (Session info: chrome=143.0.7499.171); For documentation on this error, please visit: https://www.selenium.dev/documentation/webdriver/troubleshooting/errors#nosuchelementexception\nE       Stacktrace:\nE       0   chromedriver                        0x0000000100620b2c cxxbridge1$str$ptr + 3033596\nE       1   chromedriver                        0x0000000100618b30 cxxbridge1$str$ptr + 3000832\nE       2   chromedriver                        0x0000000100112b0c _RNvCsgXDX2mvAJAg_7___rustc35___rust_no_alloc_shim_is_unstable_v2 + 74196\nE       3   chromedriver                        0x00000001001599c8 _RNvCsgXDX2mvAJAg_7___rustc35___rust_no_alloc_shim_is_unstable_v2 + 364688\nE       4   chromedriver                        0x000000010019a968 _RNvCsgXDX2mvAJAg_7___rustc35___rust_no_alloc_shim_is_unstable_v2 + 630832\nE       5   chromedriver                        0x000000010014e16c _RNvCsgXDX2mvAJAg_7___rustc35___rust_no_alloc_shim_is_unstable_v2 + 317492\nE       6   chromedriver                        0x00000001005e4098 cxxbridge1$str$ptr + 2785128\nE       7   chromedriver                        0x00000001005e7804 cxxbridge1$str$ptr + 2799316\nE       8   chromedriver                        0x00000001005c4850 cxxbridge1$str$ptr + 2656032\nE       9   chromedriver                        0x00000001005e8074 cxxbridge1$str$ptr + 2801476\nE       10  chromedriver                        0x00000001005b51cc cxxbridge1$str$ptr + 2592924\nE       11  chromedriver                        0x0000000100607cb4 cxxbridge1$str$ptr + 2931588\nE       12  chromedriver                        0x0000000100607e34 cxxbridge1$str$ptr + 2931972\nE       13  chromedriver                        0x0000000100618788 cxxbridge1$str$ptr + 2999896\nE       14  libsystem_pthread.dylib             0x00000001931eec0c _pthread_start + 136\nE       15  libsystem_pthread.dylib             0x00000001931e9b80 thread_start + 8\n\n/Library/Frameworks/Python.framework/Versions/3.13/lib/python3.13/site-packages/selenium/webdriver/remote/errorhandler.py:232: NoSuchElementException\n\nDuring handling of the above exception, another exception occurred:\n\nself = <test_saucelabs_with_allure.TestSauceLabs object at 0x1052ec910>\n\n    @allure.story('User Registration')\n    def test_registration(self):\n        \"\"\"Test user registration functionality\"\"\"\n        with allure.step(\"Running registration test with unique email\"):\n            # Navigate to the main page before registration\n            self.driver.get('https://sauce-demo.myshopify.com')\n            time.sleep(2)\n    \n            # Store the XPATH for the Sign Up link\n            SignUp = \"//a[contains(text(),'Sign up')]\"\n            self.assert_element_exists(SignUp)\n            self.click_element(SignUp)\n            print(\"Clicked on Sign up link\")\n    \n            # Wait 2 seconds for the registration page to load\n            time.sleep(2)\n            # Check if the registration page loaded by looking at the URL\n            if \"register\" in self.driver.current_url:\n                with allure.step(\"Registration form loaded successfully\"):\n                    print(\"Registration form loaded successfully\")\n            else:\n                with allure.step(\"Warning: Registration form may not have loaded properly\"):\n                    print(\"Warning: Registration form may not have loaded properly - current URL:\", self.driver.current_url)\n    \n            # Enter first name into the registration form\n            FirstName = \"//input[@id='first_name']\"\n            self.assert_element_exists(FirstName)\n            self.send_keys_to_element(FirstName, \"Test\")\n            print(f\"First name entered: Test\")\n    \n            # Enter last name into the registration form\n            LastName = \"//input[@id='last_name']\"\n            self.assert_element_exists(LastName)\n            self.send_keys_to_element(LastName, \"User\")\n            print(f\"Last name entered: User\")\n    \n            # Enter email into the registration form\n            Email = \"//input[@id='email']\"\n            self.assert_element_exists(Email)\n            # Generate a unique email address each time to avoid duplicate registration\n            unique_email = f\"testuser_{int(time.time())}@gmail.com\"\n            self.send_keys_to_element(Email, unique_email)\n            print(f\"Unique email entered: {unique_email}\")\n    \n            # Enter password into the registration form\n            Password = \"//input[@id='password']\"\n            self.assert_element_exists(Password)\n            self.send_keys_to_element(Password, \"TestPass@123\")\n            print(\"Password entered\")\n    \n            # Click the Create Account button\n            CreateButton = \"//input[@type='submit' and @value='Create']\"\n            self.assert_element_exists(CreateButton)\n            self.click_element(CreateButton)\n            print(\"Clicked on Create button\")\n    \n            # Wait 2 seconds for registration to process\n            time.sleep(2)\n    \n            # Check if registration was successful by looking for a logout button\n            try:\n                # Look for the logout element on the page\n                logout_element = self.driver.find_element(By.XPATH, \"//a[text()='Log Out']\")\n                if logout_element:\n                    with allure.step(\"Registration successful - Log Out element found\"):\n                        print(\"Registration successful - Log Out element found\")\n                        assert True\n            except:\n                with allure.step(\"Registration is not successful - No redirect and Log Out element not found\"):\n                    print(\"Registration is not successful - No redirect and Log Out element not found\")\n>                   assert False\nE                   assert False\n\ntest_saucelabs_with_allure.py:138: AssertionError"}, "description": "Test user registration functionality", "steps": [{"name": "Running registration test with unique email", "status": "failed", "statusDetails": {"message": "AssertionError: assert False\n", "trace": "  File \"/Users/sumana/Downloads/Saucelabs Automation/test_saucelabs_with_allure.py\", line 138, in test_registration\n    assert False\n"}, "steps": [{"name": "Assert element exists with xpath: '//a[contains(text(),'Sign up')]'", "status": "passed", "parameters": [{"name": "xpath", "value": "'//a[contains(text(),'Sign up')]'"}, {"name": "timeout", "value": "10"}], "start": 1767892189957, "stop": 1767892189993}, {"name": "Click on element with xpath: '//a[contains(text(),'Sign up')]'", "status": "passed", "parameters": [{"name": "xpath", "value": "'//a[contains(text(),'Sign up')]'"}], "start": 1767892189993, "stop": 1767892190695}, {"name": "Registration form loaded successfully", "status": "passed", "start": 1767892192711, "stop": 1767892192711}, {"name": "Assert element exists with xpath: '//input[@id='first_name']'", "status": "passed", "parameters": [{"name": "xpath", "value": "'//input[@id='first_name']'"}, {"name": "timeout", "value": "10"}], "start": 1767892192711, "stop": 1767892192735}, {"name": "Send keys ''Test'' to element with xpath: '//input[@id='first_name']'", "status": "passed", "parameters": [{"name": "xpath", "value": "'//input[@id='first_name']'"}, {"name": "keys", "value": "'Test'"}], "start": 1767892192735, "stop": 1767892192843}, {"name": "Assert element exists with xpath: '//input[@id='last_name']'", "status": "passed", "parameters": [{"name": "xpath", "value": "'//input[@id='last_name']'"}, {"name": "timeout", "value": "10"}], "start": 1767892192843, "stop": 1767892192855}, {"name": "Send keys ''User'' to element with xpath: '//input[@id='last_name']'", "status": "passed", "parameters": [{"name": "xpath", "value": "'//input[@id='last_name']'"}, {"name": "keys", "value": "'User'"}], "start": 1767892192855, "stop": 1767892192902}, {"name": "Assert element exists with xpath: '//input[@id='email']'", "status": "passed", "parameters": [{"name": "xpath", "value": "'//input[@id='email']'"}, {"name": "timeout", "value": "10"}], "start": 1767892192902, "stop": 1767892192918}, {"name": "Send keys ''testuser_1767892192@gmail.com'' to element with xpath: '//input[@id='email']'", "status": "passed", "parameters": [{"name": "xpath", "value": "'//input[@id='email']'"}, {"name": "keys", "value": "'testuser_1767892192@gmail.com'"}], "start": 1767892192918, "stop": 1767892192986}, {"name": "Assert element exists with xpath: '//input[@id='password']'", "status": "passed", "parameters": [{"name": "xpath", "value": "'//input[@id='password']'"}, {"name": "timeout", "value": "10"}], "start": 1767892192986, "stop": 1767892193009}, {"name": "Send keys ''TestPass@123'' to element with xpath: '//input[@id='password']'", "status": "passed", "parameters": [{"name": "xpath", "value": "'//input[@id='password']'"}, {"name": "keys", "value": "'TestPass@123'"}], "start": 1767892193009, "stop": 1767892193050}, {"name": "Assert element exists with xpath: '//input[@type='submit' and @value='Create']'", "status": "passed", "parameters": [{"name": "xpath", "value": "'//input[@type='submit' and @value='Create']'"}, {"name": "timeout", "value": "10"}], "start": 1767892193050, "stop": 1767892193065}, {"name": "Click on element with xpath: '//input[@type='submit' and @value='Create']'", "status": "passed", "parameters": [{"name": "xpath", "value": "'//input[@type='submit' and @value='Create']'"}], "start": 1767892193065, "stop": 1767892193102}, {"name": "Registration is not successful - No redirect and Log Out element not found", "status": "failed", "statusDetails": {"message": "AssertionError: assert False\n", "trace": "  File \"/Users/sumana/Downloads/Saucelabs Automation/test_saucelabs_with_allure.py\", line 138, in test_registration\n    assert False\n"}, "start": 1767892195123, "stop": 1767892195124}], "start": 1767892187472, "stop": 1767892195127}], "attachments": [{"name": "stdout", "source": "db236efc-5731-41ea-ace3-96881519757b-attachment.txt", "type": "text/plain"}], "start": 1767892187472, "stop": 1767892195128, "uuid": "0a9423a1-a217-4cea-9c21-f71eeb202231", "historyId": "7780752e5c5eaee72152cf42619aa398", "testCaseId": "7780752e5c5eaee72152cf42619aa398", "fullName": "test_saucelabs_with_allure.TestSauceLabs#test_registration", "labels": [{"name": "story", "value": "User Registration"}, {"name": "feature", "value": "SauceLabs Automation"}, {"name": "suite", "value": "test_saucelabs_with_allure"}, {"name": "subSuite", "value": "TestSauceLabs"}, {"name": "host", "value": "Sumanas-MacBook-Pro-2.local"}, {"name": "thread", "value": "12369-MainThread"}, {"name": "framework", "value": "pytest"}, {"name": "language", "value": "cpython3"}, {"name": "package", "value": "test_saucelabs_with_allure"}], "titlePath": ["test_saucelabs_with_allure.py", "TestSauceLabs"]}