{"name": "test_checkout_and_login", "status": "failed", "statusDetails": {"message": "AssertionError: assert False", "trace": "self = <test_saucelabs_with_allure.TestSauceLabs object at 0x105286570>\n\n    @allure.story('Checkout and Login')\n    def test_checkout_and_login(self):\n        \"\"\"Test checkout process and login functionality\"\"\"\n        with allure.step(\"Proceeding to checkout...\"):\n            # Click on Check Out link to proceed to checkout\n            check_out_link = \"//a[@class='checkout']\"\n            self.assert_element_exists(check_out_link)\n            self.click_element(check_out_link)\n            print(\"Clicked on Check Out link\")\n    \n            # Wait for checkout page to load\n            time.sleep(3)\n    \n            # Use the first test user's credentials for login\n            first_user = {\"email\": \"sumanaghimire45@gmail.com\", \"password\": \"Sumana@123\"}\n    \n            # Navigate to login page\n            self.driver.get('https://sauce-demo.myshopify.com/account/login')\n            time.sleep(2)\n    \n            # Enter email using the first test user's credentials\n            email_input = \"//input[@id='customer_email']\"\n            self.assert_element_exists(email_input)\n            self.send_keys_to_element(email_input, first_user[\"email\"])\n            print(f\"Email entered: {first_user['email']}\")\n    \n            # Enter password using the first test user's credentials\n            password_input = \"//input[@id='customer_password']\"\n            self.assert_element_exists(password_input)\n            self.send_keys_to_element(password_input, first_user[\"password\"])\n            print(\"Password entered\")\n    \n            # Click Sign In button to submit the login form\n            sign_in_button = \"//input[@type='submit' and @value='Sign In']\"\n            self.assert_element_exists(sign_in_button)\n            self.click_element(sign_in_button)\n            print(\"Clicked on Sign In button\")\n    \n            # Wait for potential redirect and page load after login\n            time.sleep(3)\n    \n            # Verify successful login by checking for account-specific elements\n            try:\n                # Look for elements that would be present after successful login\n>               account_element = self.driver.find_element(By.XPATH, \"//h1[contains(text(), 'Account') or contains(text(), 'Welcome') or contains(text(), 'My Account')]\")\n                                  ^^^^^^^^^^^^^^^^^^^^^^^^^^^^^^^^^^^^^^^^^^^^^^^^^^^^^^^^^^^^^^^^^^^^^^^^^^^^^^^^^^^^^^^^^^^^^^^^^^^^^^^^^^^^^^^^^^^^^^^^^^^^^^^^^^^^^^^^\n\ntest_saucelabs_with_allure.py:269: \n_ _ _ _ _ _ _ _ _ _ _ _ _ _ _ _ _ _ _ _ _ _ _ _ _ _ _ _ _ _ _ _ _ _ _ _ _ _ _ _ \n/Library/Frameworks/Python.framework/Versions/3.13/lib/python3.13/site-packages/selenium/webdriver/remote/webdriver.py:802: in find_element\n    return self.execute(Command.FIND_ELEMENT, {\"using\": by, \"value\": value})[\"value\"]\n           ^^^^^^^^^^^^^^^^^^^^^^^^^^^^^^^^^^^^^^^^^^^^^^^^^^^^^^^^^^^^^^^^^\n/Library/Frameworks/Python.framework/Versions/3.13/lib/python3.13/site-packages/selenium/webdriver/remote/webdriver.py:432: in execute\n    self.error_handler.check_response(response)\n_ _ _ _ _ _ _ _ _ _ _ _ _ _ _ _ _ _ _ _ _ _ _ _ _ _ _ _ _ _ _ _ _ _ _ _ _ _ _ _ \n\nself = <selenium.webdriver.remote.errorhandler.ErrorHandler object at 0x1053d02b0>\nresponse = {'status': 404, 'value': '{\"value\":{\"error\":\"no such element\",\"message\":\"no such element: Unable to locate element: {\\...0001931eec0c _pthread_start + 136\\\\n15  libsystem_pthread.dylib             0x00000001931e9b80 thread_start + 8\\\\n\"}}'}\n\n    def check_response(self, response: dict[str, Any]) -> None:\n        \"\"\"Check that a JSON response from the WebDriver does not have an error.\n    \n        Args:\n            response: The JSON response from the WebDriver server as a dictionary\n                object.\n    \n        Raises:\n            WebDriverException: If the response contains an error message.\n        \"\"\"\n        status = response.get(\"status\", None)\n        if not status or status == ErrorCode.SUCCESS:\n            return\n        value = None\n        message = response.get(\"message\", \"\")\n        screen: str = response.get(\"screen\", \"\")\n        stacktrace = None\n        if isinstance(status, int):\n            value_json = response.get(\"value\", None)\n            if value_json and isinstance(value_json, str):\n                try:\n                    value = json.loads(value_json)\n                    if isinstance(value, dict):\n                        if len(value) == 1:\n                            value = value[\"value\"]\n                        status = value.get(\"error\", None)\n                        if not status:\n                            status = value.get(\"status\", ErrorCode.UNKNOWN_ERROR)\n                            message = value.get(\"value\") or value.get(\"message\")\n                            if not isinstance(message, str):\n                                value = message\n                                message = message.get(\"message\") if isinstance(message, dict) else None\n                        else:\n                            message = value.get(\"message\", None)\n                except ValueError:\n                    pass\n    \n        exception_class: type[WebDriverException]\n        e = ErrorCode()\n        error_codes = [item for item in dir(e) if not item.startswith(\"__\")]\n        for error_code in error_codes:\n            error_info = getattr(ErrorCode, error_code)\n            if isinstance(error_info, list) and status in error_info:\n                exception_class = getattr(ExceptionMapping, error_code, WebDriverException)\n                break\n        else:\n            exception_class = WebDriverException\n    \n        if not value:\n            value = response[\"value\"]\n        if isinstance(value, str):\n            raise exception_class(value)\n        if message == \"\" and \"message\" in value:\n            message = value[\"message\"]\n    \n        screen = None  # type: ignore[assignment]\n        if \"screen\" in value:\n            screen = value[\"screen\"]\n    \n        stacktrace = None\n        st_value = value.get(\"stackTrace\") or value.get(\"stacktrace\")\n        if st_value:\n            if isinstance(st_value, str):\n                stacktrace = st_value.split(\"\\n\")\n            else:\n                stacktrace = []\n                try:\n                    for frame in st_value:\n                        line = frame.get(\"lineNumber\", \"\")\n                        file = frame.get(\"fileName\", \"<anonymous>\")\n                        if line:\n                            file = f\"{file}:{line}\"\n                        meth = frame.get(\"methodName\", \"<anonymous>\")\n                        if \"className\" in frame:\n                            meth = f\"{frame['className']}.{meth}\"\n                        msg = \"    at %s (%s)\"\n                        msg = msg % (meth, file)\n                        stacktrace.append(msg)\n                except TypeError:\n                    pass\n        if exception_class == UnexpectedAlertPresentException:\n            alert_text = None\n            if \"data\" in value:\n                alert_text = value[\"data\"].get(\"text\")\n            elif \"alert\" in value:\n                alert_text = value[\"alert\"].get(\"text\")\n            raise exception_class(message, screen, stacktrace, alert_text)  # type: ignore[call-arg]  # mypy is not smart enough here\n>       raise exception_class(message, screen, stacktrace)\nE       selenium.common.exceptions.NoSuchElementException: Message: no such element: Unable to locate element: {\"method\":\"xpath\",\"selector\":\"//h1[contains(text(), 'Account') or contains(text(), 'Welcome') or contains(text(), 'My Account')]\"}\nE         (Session info: chrome=143.0.7499.171); For documentation on this error, please visit: https://www.selenium.dev/documentation/webdriver/troubleshooting/errors#nosuchelementexception\nE       Stacktrace:\nE       0   chromedriver                        0x0000000104f14b2c cxxbridge1$str$ptr + 3033596\nE       1   chromedriver                        0x0000000104f0cb30 cxxbridge1$str$ptr + 3000832\nE       2   chromedriver                        0x0000000104a06b0c _RNvCsgXDX2mvAJAg_7___rustc35___rust_no_alloc_shim_is_unstable_v2 + 74196\nE       3   chromedriver                        0x0000000104a4d9c8 _RNvCsgXDX2mvAJAg_7___rustc35___rust_no_alloc_shim_is_unstable_v2 + 364688\nE       4   chromedriver                        0x0000000104a8e968 _RNvCsgXDX2mvAJAg_7___rustc35___rust_no_alloc_shim_is_unstable_v2 + 630832\nE       5   chromedriver                        0x0000000104a4216c _RNvCsgXDX2mvAJAg_7___rustc35___rust_no_alloc_shim_is_unstable_v2 + 317492\nE       6   chromedriver                        0x0000000104ed8098 cxxbridge1$str$ptr + 2785128\nE       7   chromedriver                        0x0000000104edb804 cxxbridge1$str$ptr + 2799316\nE       8   chromedriver                        0x0000000104eb8850 cxxbridge1$str$ptr + 2656032\nE       9   chromedriver                        0x0000000104edc074 cxxbridge1$str$ptr + 2801476\nE       10  chromedriver                        0x0000000104ea91cc cxxbridge1$str$ptr + 2592924\nE       11  chromedriver                        0x0000000104efbcb4 cxxbridge1$str$ptr + 2931588\nE       12  chromedriver                        0x0000000104efbe34 cxxbridge1$str$ptr + 2931972\nE       13  chromedriver                        0x0000000104f0c788 cxxbridge1$str$ptr + 2999896\nE       14  libsystem_pthread.dylib             0x00000001931eec0c _pthread_start + 136\nE       15  libsystem_pthread.dylib             0x00000001931e9b80 thread_start + 8\n\n/Library/Frameworks/Python.framework/Versions/3.13/lib/python3.13/site-packages/selenium/webdriver/remote/errorhandler.py:232: NoSuchElementException\n\nDuring handling of the above exception, another exception occurred:\n\nself = <test_saucelabs_with_allure.TestSauceLabs object at 0x105286570>\n\n    @allure.story('Checkout and Login')\n    def test_checkout_and_login(self):\n        \"\"\"Test checkout process and login functionality\"\"\"\n        with allure.step(\"Proceeding to checkout...\"):\n            # Click on Check Out link to proceed to checkout\n            check_out_link = \"//a[@class='checkout']\"\n            self.assert_element_exists(check_out_link)\n            self.click_element(check_out_link)\n            print(\"Clicked on Check Out link\")\n    \n            # Wait for checkout page to load\n            time.sleep(3)\n    \n            # Use the first test user's credentials for login\n            first_user = {\"email\": \"sumanaghimire45@gmail.com\", \"password\": \"Sumana@123\"}\n    \n            # Navigate to login page\n            self.driver.get('https://sauce-demo.myshopify.com/account/login')\n            time.sleep(2)\n    \n            # Enter email using the first test user's credentials\n            email_input = \"//input[@id='customer_email']\"\n            self.assert_element_exists(email_input)\n            self.send_keys_to_element(email_input, first_user[\"email\"])\n            print(f\"Email entered: {first_user['email']}\")\n    \n            # Enter password using the first test user's credentials\n            password_input = \"//input[@id='customer_password']\"\n            self.assert_element_exists(password_input)\n            self.send_keys_to_element(password_input, first_user[\"password\"])\n            print(\"Password entered\")\n    \n            # Click Sign In button to submit the login form\n            sign_in_button = \"//input[@type='submit' and @value='Sign In']\"\n            self.assert_element_exists(sign_in_button)\n            self.click_element(sign_in_button)\n            print(\"Clicked on Sign In button\")\n    \n            # Wait for potential redirect and page load after login\n            time.sleep(3)\n    \n            # Verify successful login by checking for account-specific elements\n            try:\n                # Look for elements that would be present after successful login\n                account_element = self.driver.find_element(By.XPATH, \"//h1[contains(text(), 'Account') or contains(text(), 'Welcome') or contains(text(), 'My Account')]\")\n                with allure.step(\"Login successful - Account element found\"):\n                    print(\"Login successful - Account element found\")\n                    assert True\n            except:\n                with allure.step(\"Login may not have been successful - Account element not found\"):\n                    print(\"Login may not have been successful - Account element not found\")\n>                   assert False\nE                   assert False\n\ntest_saucelabs_with_allure.py:276: AssertionError"}, "description": "Test checkout process and login functionality", "steps": [{"name": "Proceeding to checkout...", "status": "failed", "statusDetails": {"message": "AssertionError: assert False\n", "trace": "  File \"/Users/sumana/Downloads/Saucelabs Automation/test_saucelabs_with_allure.py\", line 276, in test_checkout_and_login\n    assert False\n"}, "steps": [{"name": "Assert element exists with xpath: '//a[@class='checkout']'", "status": "passed", "parameters": [{"name": "xpath", "value": "'//a[@class='checkout']'"}, {"name": "timeout", "value": "10"}], "start": 1767892382334, "stop": 1767892382356}, {"name": "Click on element with xpath: '//a[@class='checkout']'", "status": "passed", "parameters": [{"name": "xpath", "value": "'//a[@class='checkout']'"}], "start": 1767892382356, "stop": 1767892382765}, {"name": "Assert element exists with xpath: '//input[@id='customer_email']'", "status": "passed", "parameters": [{"name": "xpath", "value": "'//input[@id='customer_email']'"}, {"name": "timeout", "value": "10"}], "start": 1767892389076, "stop": 1767892389106}, {"name": "Send keys ''sumanaghimire45@gmail.com'' to element with xpath: '//input[@id='customer_email']'", "status": "passed", "parameters": [{"name": "xpath", "value": "'//input[@id='customer_email']'"}, {"name": "keys", "value": "'sumanaghimire45@gmail.com'"}], "start": 1767892389106, "stop": 1767892389206}, {"name": "Assert element exists with xpath: '//input[@id='customer_password']'", "status": "passed", "parameters": [{"name": "xpath", "value": "'//input[@id='customer_password']'"}, {"name": "timeout", "value": "10"}], "start": 1767892389206, "stop": 1767892389219}, {"name": "Send keys ''Sumana@123'' to element with xpath: '//input[@id='customer_password']'", "status": "passed", "parameters": [{"name": "xpath", "value": "'//input[@id='customer_password']'"}, {"name": "keys", "value": "'Sumana@123'"}], "start": 1767892389219, "stop": 1767892389257}, {"name": "Assert element exists with xpath: '//input[@type='submit' and @value='Sign In']'", "status": "passed", "parameters": [{"name": "xpath", "value": "'//input[@type='submit' and @value='Sign In']'"}, {"name": "timeout", "value": "10"}], "start": 1767892389257, "stop": 1767892389270}, {"name": "Click on element with xpath: '//input[@type='submit' and @value='Sign In']'", "status": "passed", "parameters": [{"name": "xpath", "value": "'//input[@type='submit' and @value='Sign In']'"}], "start": 1767892389270, "stop": 1767892389303}, {"name": "Login may not have been successful - Account element not found", "status": "failed", "statusDetails": {"message": "AssertionError: assert False\n", "trace": "  File \"/Users/sumana/Downloads/Saucelabs Automation/test_saucelabs_with_allure.py\", line 276, in test_checkout_and_login\n    assert False\n"}, "start": 1767892392337, "stop": 1767892392337}], "start": 1767892382334, "stop": 1767892392338}], "attachments": [{"name": "stdout", "source": "ab98bcbf-06da-4981-a167-0cb65668f39a-attachment.txt", "type": "text/plain"}], "start": 1767892382334, "stop": 1767892392339, "uuid": "809d8543-90d3-40b1-b95b-d4fcb4128542", "historyId": "53077870b4d58886c02b86dc1b54f952", "testCaseId": "53077870b4d58886c02b86dc1b54f952", "fullName": "test_saucelabs_with_allure.TestSauceLabs#test_checkout_and_login", "labels": [{"name": "story", "value": "Checkout and Login"}, {"name": "feature", "value": "SauceLabs Automation"}, {"name": "suite", "value": "test_saucelabs_with_allure"}, {"name": "subSuite", "value": "TestSauceLabs"}, {"name": "host", "value": "Sumanas-MacBook-Pro-2.local"}, {"name": "thread", "value": "12369-MainThread"}, {"name": "framework", "value": "pytest"}, {"name": "language", "value": "cpython3"}, {"name": "package", "value": "test_saucelabs_with_allure"}], "titlePath": ["test_saucelabs_with_allure.py", "TestSauceLabs"]}